<?xml version="1.0" encoding="UTF-8"?>
<!-- Generated by org.testng.reporters.JUnitReportReporter -->
<testsuite hostname="GDCIT-LAPT419" failures="0" tests="5" name="testngpractice.TestAnnotation" time="0.013" errors="0" timestamp="2026-01-05T23:41:45 IST" skipped="0">
  <testcase classname="testngpractice.TestAnnotation" name="browserLaunch" time="0.007"/>
  <testcase classname="testngpractice.TestAnnotation" name="tearDown2" time="0.001"/>
  <testcase classname="testngpractice.TestAnnotation" name="tearDown" time="0.002"/>
  <testcase classname="testngpractice.TestAnnotation" name="loginTest1" time="0.002"/>
  <testcase classname="testngpractice.TestAnnotation" name="loginTest2" time="0.001"/>
</testsuite> <!-- testngpractice.TestAnnotation -->
