<?xml version="1.0" encoding="UTF-8"?>
<!-- Generated by org.testng.reporters.JUnitReportReporter -->
<testsuite hostname="GDCIT-LAPT419" failures="0" tests="2" name="actionsclasspractice.MovingTheBarXY" time="10.878" errors="0" timestamp="2026-01-06T23:32:43 IST" skipped="0">
  <testcase classname="actionsclasspractice.MovingTheBarXY" name="usingActionsTest" time="8.174"/>
  <testcase classname="actionsclasspractice.MovingTheBarXY" name="usingActionsTest2" time="2.704"/>
</testsuite> <!-- actionsclasspractice.MovingTheBarXY -->
