<?xml version="1.0" encoding="UTF-8"?>
<!-- Generated by org.testng.reporters.JUnitReportReporter -->
<testsuite hostname="GDCIT-LAPT419" failures="0" tests="2" name="actionsclasspractice.ScrollingTechniques" time="20.867" errors="0" timestamp="2026-01-07T18:32:54 IST" skipped="0">
  <testcase classname="actionsclasspractice.ScrollingTechniques" name="scrollingTechniquesTest1" time="12.054"/>
  <testcase classname="actionsclasspractice.ScrollingTechniques" name="scrollingTechniquesTest" time="8.813"/>
</testsuite> <!-- actionsclasspractice.ScrollingTechniques -->
