<?xml version="1.0" encoding="UTF-8"?>
<!-- Generated by org.testng.reporters.JUnitReportReporter -->
<testsuite hostname="GDCIT-LAPT419" failures="0" tests="2" name="testngpractice.MethodsUsage" time="19.569" errors="0" timestamp="2026-01-06T00:14:28 IST" skipped="0">
  <testcase classname="testngpractice.MethodsUsage" name="selectDropDown" time="13.487"/>
  <testcase classname="testngpractice.MethodsUsage" name="selectCountryText" time="6.082"/>
</testsuite> <!-- testngpractice.MethodsUsage -->
