<?xml version="1.0" encoding="UTF-8"?>
<!-- Generated by org.testng.reporters.JUnitReportReporter -->
<testsuite hostname="GDCIT-LAPT419" failures="0" tests="3" name="alertshandling.AlertHandlingAssignment" time="15.201" errors="0" timestamp="2026-01-09T16:40:06 IST" skipped="0">
  <testcase classname="alertshandling.AlertHandlingAssignment" name="alertHandlingAssignmentTest1" time="4.501"/>
  <testcase classname="alertshandling.AlertHandlingAssignment" name="alertHandlingAssignmentTest2" time="4.623"/>
  <testcase classname="alertshandling.AlertHandlingAssignment" name="alertHandlingAssignmentTest" time="6.077"/>
</testsuite> <!-- alertshandling.AlertHandlingAssignment -->
